0 info it worked if it ends with ok
1 verbose cli [ '/usr/bin/nodejs',
1 verbose cli   '/usr/bin/npm',
1 verbose cli   'install',
1 verbose cli   'typescript',
1 verbose cli   '--save' ]
2 info using npm@3.9.1
3 info using node@v4.4.4
4 silly loadCurrentTree Starting
5 silly install loadCurrentTree
6 silly install readLocalPackageData
7 silly fetchPackageMetaData typescript
8 silly fetchNamedPackageData typescript
9 silly mapToRegistry name typescript
10 silly mapToRegistry using default registry
11 silly mapToRegistry registry https://registry.npmjs.org/
12 silly mapToRegistry data Result {
12 silly mapToRegistry   raw: 'typescript',
12 silly mapToRegistry   scope: null,
12 silly mapToRegistry   name: 'typescript',
12 silly mapToRegistry   rawSpec: '',
12 silly mapToRegistry   spec: 'latest',
12 silly mapToRegistry   type: 'tag' }
13 silly mapToRegistry uri https://registry.npmjs.org/typescript
14 verbose request uri https://registry.npmjs.org/typescript
15 verbose request no auth needed
16 info attempt registry request try #1 at 17:33:00
17 verbose request id 438474bbfb082fda
18 verbose etag "CER2RXAHH7D82JHRUUXDWZBJL"
19 http request GET https://registry.npmjs.org/typescript
20 http 200 https://registry.npmjs.org/typescript
21 verbose headers { server: 'CouchDB/1.5.0 (Erlang OTP/R16B03)',
21 verbose headers   etag: '"90DXOA7ZL49DK333KW7ENKBTX"',
21 verbose headers   'content-type': 'application/json',
21 verbose headers   'content-encoding': 'gzip',
21 verbose headers   'cache-control': 'max-age=300',
21 verbose headers   'content-length': '46442',
21 verbose headers   'accept-ranges': 'bytes',
21 verbose headers   date: 'Sat, 21 May 2016 15:32:52 GMT',
21 verbose headers   via: '1.1 varnish',
21 verbose headers   age: '168',
21 verbose headers   connection: 'keep-alive',
21 verbose headers   'x-served-by': 'cache-lcy1131-LCY',
21 verbose headers   'x-cache': 'HIT',
21 verbose headers   'x-cache-hits': '136',
21 verbose headers   'x-timer': 'S1463844772.221139,VS0,VE0',
21 verbose headers   vary: 'Accept-Encoding' }
22 silly get cb [ 200,
22 silly get   { server: 'CouchDB/1.5.0 (Erlang OTP/R16B03)',
22 silly get     etag: '"90DXOA7ZL49DK333KW7ENKBTX"',
22 silly get     'content-type': 'application/json',
22 silly get     'content-encoding': 'gzip',
22 silly get     'cache-control': 'max-age=300',
22 silly get     'content-length': '46442',
22 silly get     'accept-ranges': 'bytes',
22 silly get     date: 'Sat, 21 May 2016 15:32:52 GMT',
22 silly get     via: '1.1 varnish',
22 silly get     age: '168',
22 silly get     connection: 'keep-alive',
22 silly get     'x-served-by': 'cache-lcy1131-LCY',
22 silly get     'x-cache': 'HIT',
22 silly get     'x-cache-hits': '136',
22 silly get     'x-timer': 'S1463844772.221139,VS0,VE0',
22 silly get     vary: 'Accept-Encoding' } ]
23 verbose get saving typescript to /home/kranzi/.npm/registry.npmjs.org/typescript/.cache.json
24 verbose correctMkdir /home/kranzi/.npm correctMkdir not in flight; initializing
25 silly install normalizeTree
26 silly loadCurrentTree Finishing
27 silly loadIdealTree Starting
28 silly install loadIdealTree
29 silly cloneCurrentTree Starting
30 silly install cloneCurrentTreeToIdealTree
31 silly cloneCurrentTree Finishing
32 silly loadShrinkwrap Starting
33 silly install loadShrinkwrap
34 silly loadShrinkwrap Finishing
35 silly loadAllDepsIntoIdealTree Starting
36 silly install loadAllDepsIntoIdealTree
37 silly rollbackFailedOptional Starting
38 silly rollbackFailedOptional Finishing
39 silly runTopLevelLifecycles Starting
40 silly runTopLevelLifecycles Finishing
41 silly install printInstalled
42 verbose stack Error: Refusing to install typescript as a dependency of itself
42 verbose stack     at checkSelf (/usr/lib/node_modules/npm/lib/install/validate-args.js:53:14)
42 verbose stack     at Array.<anonymous> (/usr/lib/node_modules/npm/node_modules/slide/lib/bind-actor.js:15:8)
42 verbose stack     at LOOP (/usr/lib/node_modules/npm/node_modules/slide/lib/chain.js:15:14)
42 verbose stack     at chain (/usr/lib/node_modules/npm/node_modules/slide/lib/chain.js:20:5)
42 verbose stack     at /usr/lib/node_modules/npm/lib/install/validate-args.js:16:5
42 verbose stack     at /usr/lib/node_modules/npm/node_modules/slide/lib/async-map.js:52:35
42 verbose stack     at Array.forEach (native)
42 verbose stack     at /usr/lib/node_modules/npm/node_modules/slide/lib/async-map.js:52:11
42 verbose stack     at Array.forEach (native)
42 verbose stack     at asyncMap (/usr/lib/node_modules/npm/node_modules/slide/lib/async-map.js:51:8)
43 verbose cwd /media/kranzi/slow/Projekte/private/typescript
44 error Linux 3.19.0-32-generic
45 error argv "/usr/bin/nodejs" "/usr/bin/npm" "install" "typescript" "--save"
46 error node v4.4.4
47 error npm  v3.9.1
48 error code ENOSELF
49 error Refusing to install typescript as a dependency of itself
50 error If you need help, you may report this error at:
50 error     <https://github.com/npm/npm/issues>
51 verbose exit [ 1, true ]
